09:50:10 INFO  : Registering command handlers for SDK TCF services
09:50:11 INFO  : Launching XSCT server: xsct.bat -interactive C:\TMP\PID\Zybo\PS\temp_xsdb_launch_script.tcl
09:50:13 INFO  : XSCT server has started successfully.
09:50:13 INFO  : Successfully done setting XSCT server connection channel  
09:50:13 INFO  : Successfully done setting SDK workspace  
10:17:09 INFO  : Registering command handlers for SDK TCF services
10:17:10 INFO  : Launching XSCT server: xsct.bat -interactive C:\TMP\PID\Zybo\PS\temp_xsdb_launch_script.tcl
10:17:12 INFO  : XSCT server has started successfully.
10:17:12 INFO  : Successfully done setting XSCT server connection channel  
10:17:12 INFO  : Successfully done setting SDK workspace  
20:40:26 INFO  : Registering command handlers for SDK TCF services
20:40:27 INFO  : Launching XSCT server: xsct.bat -interactive C:\TMP\PID\Zybo\PS\temp_xsdb_launch_script.tcl
20:40:30 INFO  : XSCT server has started successfully.
20:40:30 INFO  : Successfully done setting XSCT server connection channel  
20:40:33 INFO  : Successfully done setting SDK workspace  
20:43:30 INFO  : Invoking Bootgen: bootgen -image SD.bif -arch zynq -o C:\TMP\PID\Zybo\PS\SD\bootimage\BOOT.bin -w on
20:43:31 INFO  : Bootgen command execution is done.
21:05:48 INFO  : Invoking Bootgen: bootgen -image SD.bif -arch zynq -o C:\TMP\PID\Zybo\PS\SD\bootimage\BOOT.bin -w on
21:05:50 INFO  : Bootgen command execution is done.
21:06:11 INFO  : Invoking Bootgen: bootgen -image SD.bif -arch zynq -o C:\TMP\PID\Zybo\PS\SD\bootimage\BOOT.bin -w on
21:06:13 INFO  : Bootgen command execution is done.
21:34:17 INFO  : Registering command handlers for SDK TCF services
21:34:18 INFO  : Launching XSCT server: xsct.bat -interactive C:\TMP\PID\Zybo\PS\temp_xsdb_launch_script.tcl
21:34:20 INFO  : XSCT server has started successfully.
21:34:20 INFO  : Successfully done setting XSCT server connection channel  
21:34:20 INFO  : Successfully done setting SDK workspace  
17:38:18 INFO  : Registering command handlers for SDK TCF services
17:38:19 INFO  : Launching XSCT server: xsct.bat -interactive C:\TMP\PID\Zybo\PS\temp_xsdb_launch_script.tcl
17:38:22 INFO  : XSCT server has started successfully.
17:38:22 INFO  : Successfully done setting XSCT server connection channel  
17:38:25 INFO  : Successfully done setting SDK workspace  
17:38:30 INFO  : SDK has detected change in the last modified timestamps for source hardware specification file Source:1674493332605,  Project:1705317649355
17:38:30 INFO  : Project Hardware's source hardware specification located at C:\TMP\PID\Zybo\PS\Hardware\design_1_wrapper.hdf is now different from the local copy.
		 The local copy will be replaced with the source specification and your workspace will be updated.
17:38:34 INFO  : Copied contents of C:\TMP\PID\Zybo\PS\Hardware\design_1_wrapper.hdf into \Hardware\system.hdf.
17:38:41 INFO  : Synchronizing projects in the workspace with the hardware platform specification changes.
17:38:44 INFO  : 
17:38:45 INFO  : Updating hardware inferred compiler options for PC-PL.
17:38:45 INFO  : Updating hardware inferred compiler options for SD.
17:38:45 INFO  : Clearing existing target manager status.
17:38:45 INFO  : Workspace synchronized with the new hardware specification file. Cleaning dependent projects...
17:38:47 WARN  : Linker script will not be updated automatically. Users need to update it manually.
17:40:16 INFO  : Invoking Bootgen: bootgen -image SD.bif -arch zynq -o C:\TMP\PID\Zybo\PS\SD\bootimage\BOOT.bin -w on
17:40:18 INFO  : Bootgen command execution is done.
17:43:19 INFO  : Invoking Bootgen: bootgen -image SD.bif -arch zynq -o C:\TMP\PID\Zybo\PS\SD\bootimage\BOOT.bin -w on
17:43:19 INFO  : Overwriting existing bif file C:\TMP\PID\Zybo\PS\SD\bootimage\SD.bif
17:43:21 INFO  : Bootgen command execution is done.
14:49:29 INFO  : Registering command handlers for SDK TCF services
14:49:30 INFO  : Launching XSCT server: xsct.bat -interactive C:\TMP\PID\Zybo\PS\temp_xsdb_launch_script.tcl
14:49:32 INFO  : XSCT server has started successfully.
14:49:35 INFO  : Successfully done setting XSCT server connection channel  
14:49:35 INFO  : Successfully done setting SDK workspace  
14:49:40 INFO  : SDK has detected change in the last modified timestamps for source hardware specification file Source:1707375953331,  Project:1674493332605
14:49:40 INFO  : Project Hardware's source hardware specification located at C:\TMP\PID\Zybo\PS\Hardware\design_1_wrapper.hdf is now different from the local copy.
		 The local copy will be replaced with the source specification and your workspace will be updated.
14:49:42 INFO  : Copied contents of C:\TMP\PID\Zybo\PS\Hardware\design_1_wrapper.hdf into \Hardware\system.hdf.
14:49:49 INFO  : Synchronizing projects in the workspace with the hardware platform specification changes.
14:49:52 INFO  : 
14:49:53 INFO  : Updating hardware inferred compiler options for PC-PL.
14:49:54 INFO  : Updating hardware inferred compiler options for SD.
14:49:54 INFO  : Clearing existing target manager status.
14:49:54 INFO  : Workspace synchronized with the new hardware specification file. Cleaning dependent projects...
14:49:55 WARN  : Linker script will not be updated automatically. Users need to update it manually.
14:50:46 INFO  : Invoking Bootgen: bootgen -image SD.bif -arch zynq -o C:\TMP\PID\Zybo\PS\SD\bootimage\BOOT.bin -w on
14:50:48 INFO  : Bootgen command execution is done.
10:02:41 INFO  : Registering command handlers for SDK TCF services
10:02:42 INFO  : Launching XSCT server: xsct.bat -interactive C:\TMP\PID\Zybo\PS\temp_xsdb_launch_script.tcl
10:02:45 INFO  : XSCT server has started successfully.
10:02:45 INFO  : Successfully done setting XSCT server connection channel  
10:02:49 INFO  : Successfully done setting SDK workspace  
10:09:07 INFO  : SDK has detected change in the last modified timestamps for source hardware specification file Source:1707555966980,  Project:1707375953331
10:09:07 INFO  : Project Hardware's source hardware specification located at C:\TMP\PID\Zybo\PS\Hardware\design_1_wrapper.hdf is now different from the local copy.
		 The local copy will be replaced with the source specification and your workspace will be updated.
10:09:08 INFO  : Copied contents of C:\TMP\PID\Zybo\PS\Hardware\design_1_wrapper.hdf into \Hardware\system.hdf.
10:09:16 INFO  : Synchronizing projects in the workspace with the hardware platform specification changes.
10:09:19 INFO  : 
10:09:19 INFO  : Updating hardware inferred compiler options for PC-PL.
10:09:20 INFO  : Updating hardware inferred compiler options for SD.
10:09:20 INFO  : Clearing existing target manager status.
10:09:20 INFO  : Workspace synchronized with the new hardware specification file. Cleaning dependent projects...
10:09:22 WARN  : Linker script will not be updated automatically. Users need to update it manually.
10:10:11 INFO  : Invoking Bootgen: bootgen -image SD.bif -arch zynq -o C:\TMP\PID\Zybo\PS\SD\bootimage\BOOT.bin -w on
10:10:13 INFO  : Bootgen command execution is done.
10:46:11 INFO  : SDK has detected change in the last modified timestamps for source hardware specification file Source:1707558064046,  Project:1707555966980
10:46:11 INFO  : Project Hardware's source hardware specification located at C:\TMP\PID\Zybo\PS\Hardware\design_1_wrapper.hdf is now different from the local copy.
		 The local copy will be replaced with the source specification and your workspace will be updated.
10:46:14 INFO  : Copied contents of C:\TMP\PID\Zybo\PS\Hardware\design_1_wrapper.hdf into \Hardware\system.hdf.
10:46:18 INFO  : Synchronizing projects in the workspace with the hardware platform specification changes.
10:46:21 INFO  : 
10:46:21 INFO  : Updating hardware inferred compiler options for PC-PL.
10:46:22 INFO  : Updating hardware inferred compiler options for SD.
10:46:22 INFO  : Clearing existing target manager status.
10:46:22 INFO  : Workspace synchronized with the new hardware specification file. Cleaning dependent projects...
10:46:24 WARN  : Linker script will not be updated automatically. Users need to update it manually.
10:48:33 INFO  : Invoking Bootgen: bootgen -image SD.bif -arch zynq -o C:\TMP\PID\Zybo\PS\SD\bootimage\BOOT.bin -w on
10:48:34 INFO  : Bootgen command execution is done.
10:21:43 INFO  : Registering command handlers for SDK TCF services
10:21:44 INFO  : Launching XSCT server: xsct.bat -interactive C:\TMP\PID\Zybo\PS\temp_xsdb_launch_script.tcl
10:21:47 INFO  : XSCT server has started successfully.
10:21:51 INFO  : Successfully done setting XSCT server connection channel  
10:21:51 INFO  : Successfully done setting SDK workspace  
13:25:59 INFO  : Registering command handlers for SDK TCF services
13:26:00 INFO  : Launching XSCT server: xsct.bat -interactive C:\TMP\PID\Zybo\PS\temp_xsdb_launch_script.tcl
13:26:03 INFO  : XSCT server has started successfully.
13:26:07 INFO  : Successfully done setting XSCT server connection channel  
13:26:07 INFO  : Successfully done setting SDK workspace  
13:26:33 INFO  : SDK has detected change in the last modified timestamps for source hardware specification file Source:1707734966643,  Project:1707558064046
13:26:33 INFO  : Project Hardware's source hardware specification located at C:\TMP\PID\Zybo\PS\Hardware\design_1_wrapper.hdf is now different from the local copy.
		 The local copy will be replaced with the source specification and your workspace will be updated.
13:26:35 INFO  : Copied contents of C:\TMP\PID\Zybo\PS\Hardware\design_1_wrapper.hdf into \Hardware\system.hdf.
13:26:42 INFO  : Synchronizing projects in the workspace with the hardware platform specification changes.
13:26:44 INFO  : 
13:26:45 INFO  : Updating hardware inferred compiler options for PC-PL.
13:26:46 INFO  : Updating hardware inferred compiler options for SD.
13:26:46 INFO  : Clearing existing target manager status.
13:26:46 INFO  : Workspace synchronized with the new hardware specification file. Cleaning dependent projects...
13:26:48 WARN  : Linker script will not be updated automatically. Users need to update it manually.
13:35:22 INFO  : Invoking Bootgen: bootgen -image SD.bif -arch zynq -o C:\TMP\PID\Zybo\PS\SD\bootimage\BOOT.bin -w on
13:35:24 INFO  : Bootgen command execution is done.
08:40:51 INFO  : Registering command handlers for SDK TCF services
08:40:52 INFO  : Launching XSCT server: xsct.bat -interactive C:\TMP\PID\Zybo\PS\temp_xsdb_launch_script.tcl
08:40:54 INFO  : XSCT server has started successfully.
08:40:57 INFO  : Successfully done setting XSCT server connection channel  
08:40:57 INFO  : Successfully done setting SDK workspace  
08:41:02 INFO  : SDK has detected change in the last modified timestamps for source hardware specification file Source:1707809709759,  Project:1707734966643
08:41:02 INFO  : Project Hardware's source hardware specification located at C:\TMP\PID\Zybo\PS\Hardware\design_1_wrapper.hdf is now different from the local copy.
		 The local copy will be replaced with the source specification and your workspace will be updated.
08:41:04 INFO  : Copied contents of C:\TMP\PID\Zybo\PS\Hardware\design_1_wrapper.hdf into \Hardware\system.hdf.
08:41:11 INFO  : Synchronizing projects in the workspace with the hardware platform specification changes.
08:41:14 INFO  : 
08:41:15 INFO  : Updating hardware inferred compiler options for PC-PL.
08:41:15 INFO  : Updating hardware inferred compiler options for SD.
08:41:15 INFO  : Clearing existing target manager status.
08:41:15 INFO  : Workspace synchronized with the new hardware specification file. Cleaning dependent projects...
08:41:17 WARN  : Linker script will not be updated automatically. Users need to update it manually.
08:56:21 INFO  : Invoking Bootgen: bootgen -image SD.bif -arch zynq -o C:\TMP\PID\Zybo\PS\SD\bootimage\BOOT.bin -w on
08:56:22 INFO  : Bootgen command execution is done.
