08:58:32 **** Clean-only build of project Common_BSP ****
make -k clean 
make -C ps7_cortexa9_0/libsrc/axidma_v9_9/src -s clean 
make -C ps7_cortexa9_0/libsrc/coresightps_dcc_v1_5/src -s clean 
make -C ps7_cortexa9_0/libsrc/cpu_cortexa9_v2_7/src -s clean 
make -C ps7_cortexa9_0/libsrc/ddrps_v1_0/src -s clean 
make -C ps7_cortexa9_0/libsrc/devcfg_v3_5/src -s clean 
make -C ps7_cortexa9_0/libsrc/dmaps_v2_4/src -s clean 
make -C ps7_cortexa9_0/libsrc/emacps_v3_9/src -s clean 
make -C ps7_cortexa9_0/libsrc/gpiops_v3_5/src -s clean 
make -C ps7_cortexa9_0/libsrc/lwip211_v1_0/src -s clean 
make -C ps7_cortexa9_0/libsrc/qspips_v3_6/src -s clean 
make -C ps7_cortexa9_0/libsrc/scugic_v4_0/src -s clean 
make -C ps7_cortexa9_0/libsrc/scutimer_v2_1/src -s clean 
make -C ps7_cortexa9_0/libsrc/scuwdt_v2_1/src -s clean 
make -C ps7_cortexa9_0/libsrc/sdps_v3_7/src -s clean 
make -C ps7_cortexa9_0/libsrc/standalone_v7_0/src -s clean 
make -C ps7_cortexa9_0/libsrc/uartps_v3_7/src -s clean 
make -C ps7_cortexa9_0/libsrc/usbps_v2_4/src -s clean 
make -C ps7_cortexa9_0/libsrc/xadcps_v2_3/src -s clean 
make -C ps7_cortexa9_0/libsrc/xilffs_v4_1/src -s clean 
make -C ps7_cortexa9_0/libsrc/xilrsa_v1_5/src -s clean 
rm -f ps7_cortexa9_0/lib/libxil.a

08:58:33 Build Finished (took 799ms)

